<?xml version="1.0" encoding="UTF-8"?>
<testsuite name="org.example.QueryStringsTest" tests="1" skipped="0" failures="0" errors="0" timestamp="2022-11-19T16:27:07" hostname="HANJAEJUNG" time="0.054">
  <properties/>
  <testcase name="createTest()" classname="org.example.QueryStringsTest" time="0.054"/>
  <system-out><![CDATA[]]></system-out>
  <system-err><![CDATA[]]></system-err>
</testsuite>
